[debug] [2023-04-10T17:29:49.688Z] ----------------------------------------------------------------------
[debug] [2023-04-10T17:29:49.699Z] Command:       /usr/local/Cellar/node/19.8.1/bin/node /usr/local/bin/firebase init
[debug] [2023-04-10T17:29:49.700Z] CLI Version:   11.25.3
[debug] [2023-04-10T17:29:49.700Z] Platform:      darwin
[debug] [2023-04-10T17:29:49.700Z] Node Version:  v19.8.1
[debug] [2023-04-10T17:29:49.700Z] Time:          Mon Apr 10 2023 13:29:49 GMT-0400 (Eastern Daylight Time)
[debug] [2023-04-10T17:29:49.701Z] ----------------------------------------------------------------------
[debug] 
[debug] [2023-04-10T17:29:49.707Z] > command requires scopes: ["email","openid","https://www.googleapis.com/auth/cloudplatformprojects.readonly","https://www.googleapis.com/auth/firebase","https://www.googleapis.com/auth/cloud-platform"]
[debug] [2023-04-10T17:29:49.708Z] > authorizing via signed-in user (bryan.joe@gmail.com)
[info] 
     ######## #### ########  ######## ########     ###     ######  ########
     ##        ##  ##     ## ##       ##     ##  ##   ##  ##       ##
     ######    ##  ########  ######   ########  #########  ######  ######
     ##        ##  ##    ##  ##       ##     ## ##     ##       ## ##
     ##       #### ##     ## ######## ########  ##     ##  ######  ########

You're about to initialize a Firebase project in this directory:

  /Users/jbryan/workspace/joeb1415/adopt_a_tree

[info] 
=== Project Setup
[info] 
[info] First, let's associate this project directory with a Firebase project.
[info] You can create multiple project aliases by running firebase use --add, 
[info] but for now we'll just set up a default project.
[info] 
[debug] [2023-04-10T17:30:00.908Z] >>> [apiv2][query] GET https://firebase.googleapis.com/v1beta1/projects pageSize=100
[debug] [2023-04-10T17:30:01.416Z] <<< [apiv2][status] GET https://firebase.googleapis.com/v1beta1/projects 200
[debug] [2023-04-10T17:30:01.416Z] <<< [apiv2][body] GET https://firebase.googleapis.com/v1beta1/projects [omitted]
[info] i  Using project adopt-a-tree-4a8bf (adopt-a-tree) 
[info] 
=== Firestore Setup
[debug] [2023-04-10T17:30:02.257Z] >>> [apiv2][query] GET https://serviceusage.googleapis.com/v1/projects/adopt-a-tree-4a8bf/services/firestore.googleapis.com [none]
[debug] [2023-04-10T17:30:02.257Z] >>> [apiv2][(partial)header] GET https://serviceusage.googleapis.com/v1/projects/adopt-a-tree-4a8bf/services/firestore.googleapis.com x-goog-quota-user=projects/adopt-a-tree-4a8bf
[debug] [2023-04-10T17:30:02.693Z] <<< [apiv2][status] GET https://serviceusage.googleapis.com/v1/projects/adopt-a-tree-4a8bf/services/firestore.googleapis.com 200
[debug] [2023-04-10T17:30:02.693Z] <<< [apiv2][body] GET https://serviceusage.googleapis.com/v1/projects/adopt-a-tree-4a8bf/services/firestore.googleapis.com [omitted]
[debug] [2023-04-10T17:30:02.694Z] >>> [apiv2][query] GET https://firestore.googleapis.com/v1/projects/adopt-a-tree-4a8bf/databases/(default) [none]
[debug] [2023-04-10T17:30:03.056Z] <<< [apiv2][status] GET https://firestore.googleapis.com/v1/projects/adopt-a-tree-4a8bf/databases/(default) 200
[debug] [2023-04-10T17:30:03.056Z] <<< [apiv2][body] GET https://firestore.googleapis.com/v1/projects/adopt-a-tree-4a8bf/databases/(default) {"name":"projects/adopt-a-tree-4a8bf/databases/(default)","uid":"fee23806-8a86-49be-bc0b-26b951037969","createTime":"2023-04-10T17:29:29.768503Z","updateTime":"2023-04-10T17:29:29.768503Z","locationId":"nam5","type":"FIRESTORE_NATIVE","concurrencyMode":"PESSIMISTIC","appEngineIntegrationMode":"DISABLED","keyPrefix":"s","deleteProtectionState":"DELETE_PROTECTION_DISABLED","etag":"IN+F+czrn/4CMLeUh73rn/4C"}
[debug] [2023-04-10T17:30:03.056Z] database_type: FIRESTORE_NATIVE
[debug] [2023-04-10T17:30:03.057Z] > command requires scopes: ["email","openid","https://www.googleapis.com/auth/cloudplatformprojects.readonly","https://www.googleapis.com/auth/firebase","https://www.googleapis.com/auth/cloud-platform"]
[debug] [2023-04-10T17:30:03.057Z] > authorizing via signed-in user (bryan.joe@gmail.com)
[debug] [2023-04-10T17:30:03.057Z] [iam] checking project adopt-a-tree-4a8bf for permissions ["firebase.projects.get"]
[debug] [2023-04-10T17:30:03.058Z] >>> [apiv2][query] POST https://cloudresourcemanager.googleapis.com/v1/projects/adopt-a-tree-4a8bf:testIamPermissions [none]
[debug] [2023-04-10T17:30:03.058Z] >>> [apiv2][(partial)header] POST https://cloudresourcemanager.googleapis.com/v1/projects/adopt-a-tree-4a8bf:testIamPermissions x-goog-quota-user=projects/adopt-a-tree-4a8bf
[debug] [2023-04-10T17:30:03.059Z] >>> [apiv2][body] POST https://cloudresourcemanager.googleapis.com/v1/projects/adopt-a-tree-4a8bf:testIamPermissions {"permissions":["firebase.projects.get"]}
[debug] [2023-04-10T17:30:03.296Z] <<< [apiv2][status] POST https://cloudresourcemanager.googleapis.com/v1/projects/adopt-a-tree-4a8bf:testIamPermissions 200
[debug] [2023-04-10T17:30:03.296Z] <<< [apiv2][body] POST https://cloudresourcemanager.googleapis.com/v1/projects/adopt-a-tree-4a8bf:testIamPermissions {"permissions":["firebase.projects.get"]}
[info] 
[info] Firestore Security Rules allow you to define how and when to allow
[info] requests. You can keep these rules in your project directory
[info] and publish them with firebase deploy.
[info] 
[debug] [2023-04-10T17:30:05.865Z] >>> [apiv2][query] GET https://firebaserules.googleapis.com/v1/projects/adopt-a-tree-4a8bf/releases pageSize=10&pageToken=
[debug] [2023-04-10T17:30:06.112Z] <<< [apiv2][status] GET https://firebaserules.googleapis.com/v1/projects/adopt-a-tree-4a8bf/releases 200
[debug] [2023-04-10T17:30:06.113Z] <<< [apiv2][body] GET https://firebaserules.googleapis.com/v1/projects/adopt-a-tree-4a8bf/releases {"releases":[{"name":"projects/adopt-a-tree-4a8bf/releases/cloud.firestore","rulesetName":"projects/adopt-a-tree-4a8bf/rulesets/a5e76e2f-8d7b-411b-96e2-9d47841c2657","createTime":"2023-04-10T17:29:31.581922Z","updateTime":"2023-04-10T17:29:31.581922Z"}]}
[debug] [2023-04-10T17:30:06.113Z] Found ruleset: projects/adopt-a-tree-4a8bf/rulesets/a5e76e2f-8d7b-411b-96e2-9d47841c2657
[debug] [2023-04-10T17:30:06.114Z] >>> [apiv2][query] GET https://firebaserules.googleapis.com/v1/projects/adopt-a-tree-4a8bf/rulesets/a5e76e2f-8d7b-411b-96e2-9d47841c2657 [none]
[debug] [2023-04-10T17:30:06.423Z] <<< [apiv2][status] GET https://firebaserules.googleapis.com/v1/projects/adopt-a-tree-4a8bf/rulesets/a5e76e2f-8d7b-411b-96e2-9d47841c2657 200
[debug] [2023-04-10T17:30:06.423Z] <<< [apiv2][body] GET https://firebaserules.googleapis.com/v1/projects/adopt-a-tree-4a8bf/rulesets/a5e76e2f-8d7b-411b-96e2-9d47841c2657 [omitted]
[info] 
[info] Firestore indexes allow you to perform complex queries while
[info] maintaining performance that scales with the size of the result
[info] set. You can keep index definitions in your project directory
[info] and publish them with firebase deploy.
[info] 
[debug] [2023-04-10T17:30:09.505Z] >>> [apiv2][query] GET https://firestore.googleapis.com/v1/projects/adopt-a-tree-4a8bf/databases/(default)/collectionGroups/-/indexes [none]
[debug] [2023-04-10T17:30:09.507Z] >>> [apiv2][query] GET https://firestore.googleapis.com/v1/projects/adopt-a-tree-4a8bf/databases/(default)/collectionGroups/-/fields?filter=indexConfig.usesAncestorConfig=false OR ttlConfig:* [none]
[debug] [2023-04-10T17:30:09.795Z] <<< [apiv2][status] GET https://firestore.googleapis.com/v1/projects/adopt-a-tree-4a8bf/databases/(default)/collectionGroups/-/indexes 200
[debug] [2023-04-10T17:30:09.796Z] <<< [apiv2][body] GET https://firestore.googleapis.com/v1/projects/adopt-a-tree-4a8bf/databases/(default)/collectionGroups/-/indexes {}
[debug] [2023-04-10T17:30:10.222Z] <<< [apiv2][status] GET https://firestore.googleapis.com/v1/projects/adopt-a-tree-4a8bf/databases/(default)/collectionGroups/-/fields?filter=indexConfig.usesAncestorConfig=false OR ttlConfig:* 200
[debug] [2023-04-10T17:30:10.223Z] <<< [apiv2][body] GET https://firestore.googleapis.com/v1/projects/adopt-a-tree-4a8bf/databases/(default)/collectionGroups/-/fields?filter=indexConfig.usesAncestorConfig=false OR ttlConfig:* {"fields":[{"name":"projects/adopt-a-tree-4a8bf/databases/(default)/collectionGroups/__default__/fields/*","indexConfig":{"indexes":[{"queryScope":"COLLECTION","fields":[{"fieldPath":"*","order":"ASCENDING"}],"state":"READY"},{"queryScope":"COLLECTION","fields":[{"fieldPath":"*","order":"DESCENDING"}],"state":"READY"},{"queryScope":"COLLECTION","fields":[{"fieldPath":"*","arrayConfig":"CONTAINS"}],"state":"READY"}]}}]}
[info] 
=== Hosting Setup
[info] 
[info] Your public directory is the folder (relative to your project directory) that
[info] will contain Hosting assets to be uploaded with firebase deploy. If you
[info] have a build process for your assets, use your build's output directory.
[info] 
[debug] [2023-04-10T17:31:06.452Z] >>> [apiv2][query] GET https://www.gstatic.com/firebasejs/releases.json [none]
[debug] [2023-04-10T17:31:06.529Z] <<< [apiv2][status] GET https://www.gstatic.com/firebasejs/releases.json 200
[debug] [2023-04-10T17:31:06.530Z] <<< [apiv2][body] GET https://www.gstatic.com/firebasejs/releases.json {"current":{"version":"9.19.1","browserURL":"https://www.gstatic.com/firebasejs/9.19.1/firebase.js","packageURL":"https://www.gstatic.com/firebasejs/9.19.1/firebase.tgz"},"live":{"version":"9.19","browserURL":"https://www.gstatic.com/firebasejs/live/9.19/firebase.js","packageURL":"https://www.gstatic.com/firebasejs/live/9.19/firebase.tgz"},"components":{"analytics":"https://www.gstatic.com/firebasejs/9.19.1/firebase-analytics.js","app":"https://www.gstatic.com/firebasejs/9.19.1/firebase-app.js","app-check":"https://www.gstatic.com/firebasejs/9.19.1/firebase-app-check.js","auth":"https://www.gstatic.com/firebasejs/9.19.1/firebase-auth.js","auth/cordova":"https://www.gstatic.com/firebasejs/9.19.1/firebase-auth/cordova.js","auth/react-native":"https://www.gstatic.com/firebasejs/9.19.1/firebase-auth/react-native.js","functions":"https://www.gstatic.com/firebasejs/9.19.1/firebase-functions.js","firestore":"https://www.gstatic.com/firebasejs/9.19.1/firebase-firestore.js","firestore/lite":"https://www.gstatic.com/firebasejs/9.19.1/firebase-firestore/lite.js","installations":"https://www.gstatic.com/firebasejs/9.19.1/firebase-installations.js","storage":"https://www.gstatic.com/firebasejs/9.19.1/firebase-storage.js","performance":"https://www.gstatic.com/firebasejs/9.19.1/firebase-performance.js","remote-config":"https://www.gstatic.com/firebasejs/9.19.1/firebase-remote-config.js","messaging":"https://www.gstatic.com/firebasejs/9.19.1/firebase-messaging.js","messaging/sw":"https://www.gstatic.com/firebasejs/9.19.1/firebase-messaging/sw.js","database":"https://www.gstatic.com/firebasejs/9.19.1/firebase-database.js","firestore.memory":"https://www.gstatic.com/firebasejs/9.19.1/firebase-firestore.memory.js"}}
[info] ✔  Wrote public/index.html 
[info] 
[info] i  Didn't detect a .git folder. Assuming /Users/jbryan/workspace/joeb1415/adopt_a_tree is the project root. 
[info] i  Authorizing with GitHub to upload your service account to a GitHub repository's secrets store. 
[info] 
[info] Visit this URL on this device to log in:
[info] https://github.com/login/oauth/authorize?client_id=89cf50f02ac6aaed3484&state=967245744&redirect_uri=http%3A%2F%2Flocalhost%3A9005&scope=read%3Auser%20repo%20public_repo
[info] 
[info] Waiting for authentication...
[debug] [2023-04-10T17:31:16.548Z] >>> [apiv2][query] POST https://github.com/login/oauth/access_token [none]
[debug] [2023-04-10T17:31:16.548Z] >>> [apiv2][body] POST https://github.com/login/oauth/access_token [stream]
[debug] [2023-04-10T17:31:16.846Z] <<< [apiv2][status] POST https://github.com/login/oauth/access_token 200
[debug] [2023-04-10T17:31:16.847Z] <<< [apiv2][body] POST https://github.com/login/oauth/access_token {"access_token":"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","token_type":"bearer","scope":"read:user,repo"}
[debug] [2023-04-10T17:31:16.869Z] >>> [apiv2][query] GET https://api.github.com/user [none]
[debug] [2023-04-10T17:31:17.122Z] <<< [apiv2][status] GET https://api.github.com/user 200
[debug] [2023-04-10T17:31:17.123Z] <<< [apiv2][body] GET https://api.github.com/user {"login":"joeb1415","id":3384337,"node_id":"MDQ6VXNlcjMzODQzMzc=","avatar_url":"https://avatars.githubusercontent.com/u/3384337?v=4","gravatar_id":"","url":"https://api.github.com/users/joeb1415","html_url":"https://github.com/joeb1415","followers_url":"https://api.github.com/users/joeb1415/followers","following_url":"https://api.github.com/users/joeb1415/following{/other_user}","gists_url":"https://api.github.com/users/joeb1415/gists{/gist_id}","starred_url":"https://api.github.com/users/joeb1415/starred{/owner}{/repo}","subscriptions_url":"https://api.github.com/users/joeb1415/subscriptions","organizations_url":"https://api.github.com/users/joeb1415/orgs","repos_url":"https://api.github.com/users/joeb1415/repos","events_url":"https://api.github.com/users/joeb1415/events{/privacy}","received_events_url":"https://api.github.com/users/joeb1415/received_events","type":"User","site_admin":false,"name":"Joe Bryan","company":null,"blog":"","location":"San Francisco","email":null,"hireable":true,"bio":null,"twitter_username":null,"public_repos":13,"public_gists":0,"followers":2,"following":0,"created_at":"2013-01-25T18:48:12Z","updated_at":"2023-04-10T17:00:20Z","private_gists":9,"total_private_repos":0,"owned_private_repos":0,"disk_usage":3980,"collaborators":0,"two_factor_authentication":true,"plan":{"name":"free","space":976562499,"collaborators":0,"private_repos":10000}}
[info] 
[info] ✔  Success! Logged into GitHub as joeb1415 
[info] 
[debug] [2023-04-10T17:34:04.875Z] >>> [apiv2][query] GET https://api.github.com/repos/joeb1415/adopt_a_tree/actions/secrets/public-key type=owner
[debug] [2023-04-10T17:34:05.020Z] <<< [apiv2][status] GET https://api.github.com/repos/joeb1415/adopt_a_tree/actions/secrets/public-key 401
[debug] [2023-04-10T17:34:05.021Z] <<< [apiv2][body] GET https://api.github.com/repos/joeb1415/adopt_a_tree/actions/secrets/public-key {"message":"Bad credentials","documentation_url":"https://docs.github.com/rest"}
[debug] [2023-04-10T17:34:21.190Z] >>> [apiv2][query] GET https://api.github.com/repos/joeb1415/adopt_a_tree/actions/secrets/public-key type=owner
[debug] [2023-04-10T17:34:21.302Z] <<< [apiv2][status] GET https://api.github.com/repos/joeb1415/adopt_a_tree/actions/secrets/public-key 401
[debug] [2023-04-10T17:34:21.303Z] <<< [apiv2][body] GET https://api.github.com/repos/joeb1415/adopt_a_tree/actions/secrets/public-key {"message":"Bad credentials","documentation_url":"https://docs.github.com/rest"}
[debug] [2023-04-10T17:34:46.857Z] >>> [apiv2][query] GET https://api.github.com/repos/joeb1415/adopt_a_tree/actions/secrets/public-key type=owner
[debug] [2023-04-10T17:34:46.955Z] <<< [apiv2][status] GET https://api.github.com/repos/joeb1415/adopt_a_tree/actions/secrets/public-key 401
[debug] [2023-04-10T17:34:46.956Z] <<< [apiv2][body] GET https://api.github.com/repos/joeb1415/adopt_a_tree/actions/secrets/public-key {"message":"Bad credentials","documentation_url":"https://docs.github.com/rest"}
[debug] [2023-04-10T17:35:00.854Z] >>> [apiv2][query] GET https://api.github.com/repos//actions/secrets/public-key type=owner
[debug] [2023-04-10T17:35:00.965Z] <<< [apiv2][status] GET https://api.github.com/repos//actions/secrets/public-key 401
[debug] [2023-04-10T17:35:00.965Z] <<< [apiv2][body] GET https://api.github.com/repos//actions/secrets/public-key {"message":"Bad credentials","documentation_url":"https://docs.github.com/rest"}
